  [1m[36m (3.4ms)[0m  [1mCREATE TABLE "schema_migrations" ("version" varchar NOT NULL) [0m
  [1m[35m (0.2ms)[0m  select sqlite_version(*)
  [1m[36m (2.3ms)[0m  [1mCREATE UNIQUE INDEX "unique_schema_migrations" ON "schema_migrations" ("version")[0m
  [1m[35mActiveRecord::SchemaMigration Load (0.1ms)[0m  SELECT "schema_migrations".* FROM "schema_migrations"
Migrating to CreateEvents (20160711194110)
  [1m[36m (0.1ms)[0m  [1mbegin transaction[0m
  [1m[35m (0.7ms)[0m  CREATE TABLE "events" ("id" INTEGER PRIMARY KEY AUTOINCREMENT NOT NULL, "name" varchar, "descritption" text, "date" datetime, "location" varchar, "created_at" datetime NOT NULL, "updated_at" datetime NOT NULL) 
  [1m[36mSQL (0.4ms)[0m  [1mINSERT INTO "schema_migrations" ("version") VALUES (?)[0m  [["version", "20160711194110"]]
  [1m[35m (2.7ms)[0m  commit transaction
Migrating to FixDescriptionSpelling (20160711202145)
  [1m[36m (0.1ms)[0m  [1mbegin transaction[0m
  [1m[35m (0.6ms)[0m  ALTER TABLE "events" ADD "description" text
  [1m[36m (0.7ms)[0m  [1mCREATE TEMPORARY TABLE "aevents" ("id" INTEGER PRIMARY KEY AUTOINCREMENT NOT NULL, "name" varchar, "descritption" text, "date" datetime, "location" varchar, "created_at" datetime NOT NULL, "updated_at" datetime NOT NULL, "description" text) [0m
  [1m[35m (0.1ms)[0m  SELECT * FROM "events"
  [1m[36m (2.9ms)[0m  [1mDROP TABLE "events"[0m
  [1m[35m (0.2ms)[0m  CREATE TABLE "events" ("id" INTEGER PRIMARY KEY AUTOINCREMENT NOT NULL, "name" varchar, "date" datetime, "location" varchar, "created_at" datetime NOT NULL, "updated_at" datetime NOT NULL, "description" text) 
  [1m[36m (0.1ms)[0m  [1mSELECT * FROM "aevents"[0m
  [1m[35m (0.4ms)[0m  DROP TABLE "aevents"
  [1m[36mSQL (0.3ms)[0m  [1mINSERT INTO "schema_migrations" ("version") VALUES (?)[0m  [["version", "20160711202145"]]
  [1m[35m (3.5ms)[0m  commit transaction
Migrating to DeviseCreateUsers (20160713144916)
  [1m[36m (0.1ms)[0m  [1mbegin transaction[0m
  [1m[35m (0.8ms)[0m  CREATE TABLE "users" ("id" INTEGER PRIMARY KEY AUTOINCREMENT NOT NULL, "email" varchar DEFAULT '' NOT NULL, "encrypted_password" varchar DEFAULT '' NOT NULL, "reset_password_token" varchar, "reset_password_sent_at" datetime, "remember_created_at" datetime, "sign_in_count" integer DEFAULT 0 NOT NULL, "current_sign_in_at" datetime, "last_sign_in_at" datetime, "current_sign_in_ip" varchar, "last_sign_in_ip" varchar, "created_at" datetime NOT NULL, "updated_at" datetime NOT NULL) 
  [1m[36m (0.7ms)[0m  [1mCREATE UNIQUE INDEX "index_users_on_email" ON "users" ("email")[0m
  [1m[35m (0.1ms)[0m              SELECT sql
            FROM sqlite_master
            WHERE name='index_users_on_email' AND type='index'
            UNION ALL
            SELECT sql
            FROM sqlite_temp_master
            WHERE name='index_users_on_email' AND type='index'

  [1m[36m (0.2ms)[0m  [1mCREATE UNIQUE INDEX "index_users_on_reset_password_token" ON "users" ("reset_password_token")[0m
  [1m[35mSQL (0.2ms)[0m  INSERT INTO "schema_migrations" ("version") VALUES (?)  [["version", "20160713144916"]]
  [1m[36m (3.2ms)[0m  [1mcommit transaction[0m
Migrating to EventUserAssociation (20160713145511)
  [1m[35m (0.1ms)[0m  begin transaction
  [1m[36m (0.5ms)[0m  [1mALTER TABLE "events" ADD "user" belongs_to[0m
  [1m[35mSQL (0.2ms)[0m  INSERT INTO "schema_migrations" ("version") VALUES (?)  [["version", "20160713145511"]]
  [1m[36m (2.0ms)[0m  [1mcommit transaction[0m
Migrating to ChangeUserToUserIs (20160713152305)
  [1m[35m (0.1ms)[0m  begin transaction
  [1m[36m (0.5ms)[0m  [1mALTER TABLE "events" ADD "user_id" integer[0m
  [1m[35mSQL (0.2ms)[0m  INSERT INTO "schema_migrations" ("version") VALUES (?)  [["version", "20160713152305"]]
  [1m[36m (3.2ms)[0m  [1mcommit transaction[0m
  [1m[35mActiveRecord::SchemaMigration Load (0.1ms)[0m  SELECT "schema_migrations".* FROM "schema_migrations"
  [1m[36m (0.2ms)[0m  [1m            SELECT sql
            FROM sqlite_master
            WHERE name='index_users_on_reset_password_token' AND type='index'
            UNION ALL
            SELECT sql
            FROM sqlite_temp_master
            WHERE name='index_users_on_reset_password_token' AND type='index'
[0m
  [1m[35m (0.2ms)[0m              SELECT sql
            FROM sqlite_master
            WHERE name='index_users_on_email' AND type='index'
            UNION ALL
            SELECT sql
            FROM sqlite_temp_master
            WHERE name='index_users_on_email' AND type='index'



Started GET "/" for ::1 at 2017-03-03 12:08:54 -0500
  [1m[36mActiveRecord::SchemaMigration Load (0.3ms)[0m  [1mSELECT "schema_migrations".* FROM "schema_migrations"[0m
Processing by AuthorizationIndependentController#index as HTML
  [1m[35mEvent Load (0.3ms)[0m  SELECT "events".* FROM "events"
  Rendered partials/_events.html.erb (3.4ms)
  Rendered authorization_independent/index.html.erb within layouts/application (58.0ms)
Completed 200 OK in 1824ms (Views: 1704.8ms | ActiveRecord: 0.4ms)


Started GET "/assets/event.self-e3b0c44298fc1c149afbf4c8996fb92427ae41e4649b934ca495991b7852b855.css?body=1" for ::1 at 2017-03-03 12:08:56 -0500


Started GET "/assets/authorization_independent.self-877aef30ae1b040ab8a3aba4e3e309a11d7f2612f44dde450b5c157aa5f95c05.js?body=1" for ::1 at 2017-03-03 12:08:56 -0500


Started GET "/assets/event.self-877aef30ae1b040ab8a3aba4e3e309a11d7f2612f44dde450b5c157aa5f95c05.js?body=1" for ::1 at 2017-03-03 12:08:56 -0500


Started GET "/assets/application.self-1e2a1cdec1d903d7272ef3f7b951a0c5a7e792c0f106076cec5dc60ac3e67921.css?body=1" for ::1 at 2017-03-03 12:08:56 -0500


Started GET "/assets/authorization_independent.self-e3b0c44298fc1c149afbf4c8996fb92427ae41e4649b934ca495991b7852b855.css?body=1" for ::1 at 2017-03-03 12:08:56 -0500


Started GET "/events/new" for ::1 at 2017-03-03 12:09:04 -0500
Processing by EventsController#new as HTML
Completed 401 Unauthorized in 31ms (ActiveRecord: 0.0ms)


Started GET "/users/sign_in" for ::1 at 2017-03-03 12:09:04 -0500
Processing by Devise::SessionsController#new as HTML
  Rendered /Users/go2najaf/.rbenv/versions/2.3.1/lib/ruby/gems/2.3.0/gems/devise-4.2.0/app/views/devise/shared/_links.html.erb (1.8ms)
  Rendered /Users/go2najaf/.rbenv/versions/2.3.1/lib/ruby/gems/2.3.0/gems/devise-4.2.0/app/views/devise/sessions/new.html.erb within layouts/application (59.8ms)
Completed 200 OK in 198ms (Views: 140.6ms | ActiveRecord: 0.6ms)


Started GET "/events" for ::1 at 2017-03-03 12:09:06 -0500
Processing by EventsController#index as HTML
Completed 401 Unauthorized in 7ms (ActiveRecord: 0.0ms)


Started GET "/users/sign_in" for ::1 at 2017-03-03 12:09:06 -0500
Processing by Devise::SessionsController#new as HTML
  Rendered /Users/go2najaf/.rbenv/versions/2.3.1/lib/ruby/gems/2.3.0/gems/devise-4.2.0/app/views/devise/shared/_links.html.erb (0.4ms)
  Rendered /Users/go2najaf/.rbenv/versions/2.3.1/lib/ruby/gems/2.3.0/gems/devise-4.2.0/app/views/devise/sessions/new.html.erb within layouts/application (16.0ms)
Completed 200 OK in 135ms (Views: 92.8ms | ActiveRecord: 0.0ms)


Started GET "/" for ::1 at 2017-03-03 12:09:08 -0500
Processing by AuthorizationIndependentController#index as HTML
  [1m[36mEvent Load (0.2ms)[0m  [1mSELECT "events".* FROM "events"[0m
  Rendered partials/_events.html.erb (0.9ms)
  Rendered authorization_independent/index.html.erb within layouts/application (4.4ms)
Completed 200 OK in 142ms (Views: 126.5ms | ActiveRecord: 0.2ms)


Started GET "/events" for ::1 at 2017-03-03 12:09:11 -0500
Processing by EventsController#index as HTML
Completed 401 Unauthorized in 2ms (ActiveRecord: 0.0ms)


Started GET "/users/sign_in" for ::1 at 2017-03-03 12:09:12 -0500
Processing by Devise::SessionsController#new as HTML
  Rendered /Users/go2najaf/.rbenv/versions/2.3.1/lib/ruby/gems/2.3.0/gems/devise-4.2.0/app/views/devise/shared/_links.html.erb (0.5ms)
  Rendered /Users/go2najaf/.rbenv/versions/2.3.1/lib/ruby/gems/2.3.0/gems/devise-4.2.0/app/views/devise/sessions/new.html.erb within layouts/application (8.9ms)
Completed 200 OK in 98ms (Views: 95.6ms | ActiveRecord: 0.0ms)


Started GET "/events/new" for ::1 at 2017-03-03 12:09:13 -0500
Processing by EventsController#new as HTML
Completed 401 Unauthorized in 7ms (ActiveRecord: 0.0ms)


Started GET "/users/sign_in" for ::1 at 2017-03-03 12:09:13 -0500
Processing by Devise::SessionsController#new as HTML
  Rendered /Users/go2najaf/.rbenv/versions/2.3.1/lib/ruby/gems/2.3.0/gems/devise-4.2.0/app/views/devise/shared/_links.html.erb (0.5ms)
  Rendered /Users/go2najaf/.rbenv/versions/2.3.1/lib/ruby/gems/2.3.0/gems/devise-4.2.0/app/views/devise/sessions/new.html.erb within layouts/application (9.1ms)
Completed 200 OK in 92ms (Views: 90.3ms | ActiveRecord: 0.0ms)


Started GET "/users/sign_in" for ::1 at 2017-03-03 12:09:14 -0500
Processing by Devise::SessionsController#new as HTML
  Rendered /Users/go2najaf/.rbenv/versions/2.3.1/lib/ruby/gems/2.3.0/gems/devise-4.2.0/app/views/devise/shared/_links.html.erb (0.5ms)
  Rendered /Users/go2najaf/.rbenv/versions/2.3.1/lib/ruby/gems/2.3.0/gems/devise-4.2.0/app/views/devise/sessions/new.html.erb within layouts/application (12.2ms)
Completed 200 OK in 72ms (Views: 68.8ms | ActiveRecord: 0.0ms)


Started GET "/users/sign_up" for ::1 at 2017-03-03 12:09:16 -0500
Processing by Devise::RegistrationsController#new as HTML
  Rendered /Users/go2najaf/.rbenv/versions/2.3.1/lib/ruby/gems/2.3.0/gems/devise-4.2.0/app/views/devise/shared/_links.html.erb (0.6ms)
  Rendered /Users/go2najaf/.rbenv/versions/2.3.1/lib/ruby/gems/2.3.0/gems/devise-4.2.0/app/views/devise/registrations/new.html.erb within layouts/application (8.5ms)
Completed 200 OK in 65ms (Views: 63.0ms | ActiveRecord: 0.0ms)


Started POST "/users" for ::1 at 2017-03-03 12:09:31 -0500
Processing by Devise::RegistrationsController#create as HTML
  Parameters: {"utf8"=>"✓", "authenticity_token"=>"JE1WvJK8H+LlqHfdvJMQUXcM4xTZ5mhlKVZCQ8zmJlGiFDMz5LAynAcrGWmLLcXbinDZIFPeZIZ+EaZuSNSbIQ==", "user"=>{"email"=>"ninoothman44@gmail.com", "password"=>"[FILTERED]", "password_confirmation"=>"[FILTERED]"}, "commit"=>"Sign up"}
  [1m[35m (0.1ms)[0m  begin transaction
  [1m[36mUser Exists (14.4ms)[0m  [1mSELECT  1 AS one FROM "users" WHERE "users"."email" = 'ninoothman44@gmail.com' LIMIT 1[0m
  [1m[35mSQL (9.8ms)[0m  INSERT INTO "users" ("email", "encrypted_password", "created_at", "updated_at") VALUES (?, ?, ?, ?)  [["email", "ninoothman44@gmail.com"], ["encrypted_password", "$2a$11$Z0KXrcwZ7KIhiyQwFNl6o.A/2Qh7w9Dd4b0zG2hcdZczzfUYlVm52"], ["created_at", "2017-03-03 17:09:31.759145"], ["updated_at", "2017-03-03 17:09:31.759145"]]
  [1m[36m (3.2ms)[0m  [1mcommit transaction[0m
  [1m[35m (0.1ms)[0m  begin transaction
  [1m[36mSQL (0.6ms)[0m  [1mUPDATE "users" SET "last_sign_in_at" = ?, "current_sign_in_at" = ?, "last_sign_in_ip" = ?, "current_sign_in_ip" = ?, "sign_in_count" = ?, "updated_at" = ? WHERE "users"."id" = ?[0m  [["last_sign_in_at", "2017-03-03 17:09:31.775695"], ["current_sign_in_at", "2017-03-03 17:09:31.775695"], ["last_sign_in_ip", "::1"], ["current_sign_in_ip", "::1"], ["sign_in_count", 1], ["updated_at", "2017-03-03 17:09:31.776560"], ["id", 1]]
  [1m[35m (1.6ms)[0m  commit transaction
Redirected to http://localhost:3000/events/new
Completed 302 Found in 523ms (ActiveRecord: 29.7ms)


Started GET "/events/new" for ::1 at 2017-03-03 12:09:31 -0500
Processing by EventsController#new as HTML
  [1m[36mUser Load (0.4ms)[0m  [1mSELECT  "users".* FROM "users" WHERE "users"."id" = ?  ORDER BY "users"."id" ASC LIMIT 1[0m  [["id", 1]]
  Rendered events/new.html.erb within layouts/application (27.9ms)
Completed 200 OK in 115ms (Views: 91.5ms | ActiveRecord: 0.7ms)


Started POST "/events" for ::1 at 2017-03-03 12:10:31 -0500
Processing by EventsController#create as HTML
  Parameters: {"utf8"=>"✓", "authenticity_token"=>"VcoGMY5k8mJbspfrt5tjW1FCG6j0o96k7tRFEST6pWvTk2O++GjfHLkx+V+AJbbRrD4hnH6b0ke5k6E8oMgYGw==", "event"=>{"name"=>"El NIno", "description"=>"park avenue ", "location"=>"New York ", "date"=>"2017-03-03T15:07"}, "commit"=>"create"}
  [1m[35mUser Load (0.2ms)[0m  SELECT  "users".* FROM "users" WHERE "users"."id" = ?  ORDER BY "users"."id" ASC LIMIT 1  [["id", 1]]
  [1m[36m (0.1ms)[0m  [1mbegin transaction[0m
  [1m[35mSQL (0.8ms)[0m  INSERT INTO "events" ("name", "description", "location", "date", "user_id", "created_at", "updated_at") VALUES (?, ?, ?, ?, ?, ?, ?)  [["name", "El NIno"], ["description", "park avenue "], ["location", "New York "], ["date", "2017-03-03 15:07:00.000000"], ["user_id", 1], ["created_at", "2017-03-03 17:10:32.031439"], ["updated_at", "2017-03-03 17:10:32.031439"]]
  [1m[36m (2.1ms)[0m  [1mcommit transaction[0m
Redirected to http://localhost:3000/events
Completed 302 Found in 68ms (ActiveRecord: 3.2ms)


Started GET "/events" for ::1 at 2017-03-03 12:10:32 -0500
Processing by EventsController#index as HTML
  [1m[35mUser Load (0.2ms)[0m  SELECT  "users".* FROM "users" WHERE "users"."id" = ?  ORDER BY "users"."id" ASC LIMIT 1  [["id", 1]]
  [1m[36mEvent Load (0.2ms)[0m  [1mSELECT "events".* FROM "events" WHERE "events"."user_id" = 1[0m
  Rendered partials/_events.html.erb (1.5ms)
  Rendered events/index.html.erb within layouts/application (11.3ms)
Completed 200 OK in 158ms (Views: 154.7ms | ActiveRecord: 0.4ms)


Started GET "/events" for ::1 at 2017-03-03 12:10:39 -0500
Processing by EventsController#index as HTML
  [1m[35mUser Load (0.2ms)[0m  SELECT  "users".* FROM "users" WHERE "users"."id" = ?  ORDER BY "users"."id" ASC LIMIT 1  [["id", 1]]
  [1m[36mEvent Load (0.2ms)[0m  [1mSELECT "events".* FROM "events" WHERE "events"."user_id" = 1[0m
  Rendered partials/_events.html.erb (1.3ms)
  Rendered events/index.html.erb within layouts/application (4.2ms)
Completed 200 OK in 91ms (Views: 69.5ms | ActiveRecord: 0.4ms)


Started GET "/" for ::1 at 2017-03-03 12:10:41 -0500
Processing by AuthorizationIndependentController#index as HTML
  [1m[35mEvent Load (0.2ms)[0m  SELECT "events".* FROM "events"
  Rendered partials/_events.html.erb (4.8ms)
  Rendered authorization_independent/index.html.erb within layouts/application (7.3ms)
  [1m[36mUser Load (0.2ms)[0m  [1mSELECT  "users".* FROM "users" WHERE "users"."id" = ?  ORDER BY "users"."id" ASC LIMIT 1[0m  [["id", 1]]
Completed 200 OK in 139ms (Views: 137.5ms | ActiveRecord: 0.4ms)


Started GET "/events" for ::1 at 2017-03-03 12:10:42 -0500
Processing by EventsController#index as HTML
  [1m[35mUser Load (0.2ms)[0m  SELECT  "users".* FROM "users" WHERE "users"."id" = ?  ORDER BY "users"."id" ASC LIMIT 1  [["id", 1]]
  [1m[36mEvent Load (0.3ms)[0m  [1mSELECT "events".* FROM "events" WHERE "events"."user_id" = 1[0m
  Rendered partials/_events.html.erb (1.3ms)
  Rendered events/index.html.erb within layouts/application (5.7ms)
Completed 200 OK in 59ms (Views: 45.5ms | ActiveRecord: 0.4ms)


Started GET "/events/new" for ::1 at 2017-03-03 12:10:43 -0500
Processing by EventsController#new as HTML
  [1m[35mUser Load (0.3ms)[0m  SELECT  "users".* FROM "users" WHERE "users"."id" = ?  ORDER BY "users"."id" ASC LIMIT 1  [["id", 1]]
  Rendered events/new.html.erb within layouts/application (3.0ms)
Completed 200 OK in 103ms (Views: 99.6ms | ActiveRecord: 0.3ms)


Started DELETE "/users/sign_out" for ::1 at 2017-03-03 12:10:44 -0500
Processing by Devise::SessionsController#destroy as HTML
  Parameters: {"authenticity_token"=>"CxpCxKjODqj9Wo7eWLJjJqKJmO2EVCYe49A9ZQzkYYGNQydL3sIj1h/Z4GpvDLasX/Wi2Q5sKv20l9lIiNbc8Q=="}
  [1m[36mUser Load (0.2ms)[0m  [1mSELECT  "users".* FROM "users" WHERE "users"."id" = ?  ORDER BY "users"."id" ASC LIMIT 1[0m  [["id", 1]]
  [1m[35m (0.1ms)[0m  begin transaction
  [1m[36m (0.1ms)[0m  [1mcommit transaction[0m
Redirected to http://localhost:3000/
Completed 302 Found in 28ms (ActiveRecord: 0.3ms)


Started GET "/" for ::1 at 2017-03-03 12:10:44 -0500
Processing by AuthorizationIndependentController#index as HTML
  [1m[35mEvent Load (0.2ms)[0m  SELECT "events".* FROM "events"
  Rendered partials/_events.html.erb (1.1ms)
  Rendered authorization_independent/index.html.erb within layouts/application (3.1ms)
Completed 200 OK in 39ms (Views: 35.2ms | ActiveRecord: 0.2ms)


Started GET "/users/sign_in" for ::1 at 2017-03-03 12:10:48 -0500
Processing by Devise::SessionsController#new as HTML
  Rendered /Users/go2najaf/.rbenv/versions/2.3.1/lib/ruby/gems/2.3.0/gems/devise-4.2.0/app/views/devise/shared/_links.html.erb (0.6ms)
  Rendered /Users/go2najaf/.rbenv/versions/2.3.1/lib/ruby/gems/2.3.0/gems/devise-4.2.0/app/views/devise/sessions/new.html.erb within layouts/application (16.9ms)
Completed 200 OK in 121ms (Views: 119.4ms | ActiveRecord: 0.0ms)


Started GET "/users/sign_in" for ::1 at 2017-03-03 12:39:26 -0500
Processing by Devise::SessionsController#new as HTML
  Rendered /Users/go2najaf/.rbenv/versions/2.3.1/lib/ruby/gems/2.3.0/gems/devise-4.2.0/app/views/devise/shared/_links.html.erb (1.6ms)
  Rendered /Users/go2najaf/.rbenv/versions/2.3.1/lib/ruby/gems/2.3.0/gems/devise-4.2.0/app/views/devise/sessions/new.html.erb within layouts/application (26.6ms)
Completed 200 OK in 436ms (Views: 373.0ms | ActiveRecord: 0.0ms)


Started GET "/users/sign_in" for ::1 at 2017-03-03 12:41:35 -0500
Processing by Devise::SessionsController#new as HTML
  Rendered /Users/go2najaf/.rbenv/versions/2.3.1/lib/ruby/gems/2.3.0/gems/devise-4.2.0/app/views/devise/shared/_links.html.erb (2.7ms)
  Rendered /Users/go2najaf/.rbenv/versions/2.3.1/lib/ruby/gems/2.3.0/gems/devise-4.2.0/app/views/devise/sessions/new.html.erb within layouts/application (34.1ms)
Completed 200 OK in 486ms (Views: 424.3ms | ActiveRecord: 0.0ms)


Started GET "/assets/application.self-ec3c64a62e74871e48ecc16da09ea12b7e918d800e2ce0a7b6bd668f0a5131ce.css?body=1" for ::1 at 2017-03-03 12:41:36 -0500


Started GET "/" for ::1 at 2017-03-03 12:41:51 -0500
Processing by AuthorizationIndependentController#index as HTML
  [1m[36mEvent Load (0.9ms)[0m  [1mSELECT "events".* FROM "events"[0m
  Rendered partials/_events.html.erb (7.0ms)
  Rendered authorization_independent/index.html.erb within layouts/application (16.0ms)
Completed 200 OK in 91ms (Views: 88.3ms | ActiveRecord: 0.9ms)


Started GET "/events" for ::1 at 2017-03-03 12:41:52 -0500
Processing by EventsController#index as HTML
Completed 401 Unauthorized in 5ms (ActiveRecord: 0.0ms)


Started GET "/users/sign_in" for ::1 at 2017-03-03 12:41:53 -0500
Processing by Devise::SessionsController#new as HTML
  Rendered /Users/go2najaf/.rbenv/versions/2.3.1/lib/ruby/gems/2.3.0/gems/devise-4.2.0/app/views/devise/shared/_links.html.erb (0.7ms)
  Rendered /Users/go2najaf/.rbenv/versions/2.3.1/lib/ruby/gems/2.3.0/gems/devise-4.2.0/app/views/devise/sessions/new.html.erb within layouts/application (26.7ms)
Completed 200 OK in 147ms (Views: 144.3ms | ActiveRecord: 0.0ms)


Started GET "/events/new" for ::1 at 2017-03-03 12:41:54 -0500
Processing by EventsController#new as HTML
Completed 401 Unauthorized in 12ms (ActiveRecord: 0.0ms)


Started GET "/users/sign_in" for ::1 at 2017-03-03 12:41:54 -0500
Processing by Devise::SessionsController#new as HTML
  Rendered /Users/go2najaf/.rbenv/versions/2.3.1/lib/ruby/gems/2.3.0/gems/devise-4.2.0/app/views/devise/shared/_links.html.erb (0.7ms)
  Rendered /Users/go2najaf/.rbenv/versions/2.3.1/lib/ruby/gems/2.3.0/gems/devise-4.2.0/app/views/devise/sessions/new.html.erb within layouts/application (31.3ms)
Completed 200 OK in 106ms (Views: 104.3ms | ActiveRecord: 0.0ms)


Started GET "/" for ::1 at 2017-03-03 12:41:56 -0500
Processing by AuthorizationIndependentController#index as HTML
  [1m[35mEvent Load (0.2ms)[0m  SELECT "events".* FROM "events"
  Rendered partials/_events.html.erb (1.1ms)
  Rendered authorization_independent/index.html.erb within layouts/application (15.6ms)
Completed 200 OK in 191ms (Views: 189.2ms | ActiveRecord: 0.2ms)


Started GET "/" for ::1 at 2017-03-03 13:07:46 -0500
Processing by AuthorizationIndependentController#index as HTML
  [1m[36mEvent Load (1.5ms)[0m  [1mSELECT "events".* FROM "events"[0m
  Rendered partials/_events.html.erb (16.1ms)
  Rendered authorization_independent/index.html.erb within layouts/application (21.1ms)
Completed 200 OK in 276ms (Views: 266.5ms | ActiveRecord: 1.5ms)


Started GET "/events" for ::1 at 2017-03-03 13:07:48 -0500
Processing by EventsController#index as HTML
Completed 401 Unauthorized in 2ms (ActiveRecord: 0.0ms)


Started GET "/users/sign_in" for ::1 at 2017-03-03 13:07:49 -0500
Processing by Devise::SessionsController#new as HTML
  Rendered /Users/go2najaf/.rbenv/versions/2.3.1/lib/ruby/gems/2.3.0/gems/devise-4.2.0/app/views/devise/shared/_links.html.erb (1.2ms)
  Rendered /Users/go2najaf/.rbenv/versions/2.3.1/lib/ruby/gems/2.3.0/gems/devise-4.2.0/app/views/devise/sessions/new.html.erb within layouts/application (14.6ms)
Completed 200 OK in 143ms (Views: 125.9ms | ActiveRecord: 0.0ms)


Started GET "/users/sign_in" for ::1 at 2017-03-03 13:07:50 -0500
Processing by Devise::SessionsController#new as HTML
  Rendered /Users/go2najaf/.rbenv/versions/2.3.1/lib/ruby/gems/2.3.0/gems/devise-4.2.0/app/views/devise/shared/_links.html.erb (0.6ms)
  Rendered /Users/go2najaf/.rbenv/versions/2.3.1/lib/ruby/gems/2.3.0/gems/devise-4.2.0/app/views/devise/sessions/new.html.erb within layouts/application (47.4ms)
Completed 200 OK in 106ms (Views: 100.6ms | ActiveRecord: 0.0ms)


Started GET "/events/new" for ::1 at 2017-03-03 13:07:52 -0500
Processing by EventsController#new as HTML
Completed 401 Unauthorized in 22ms (ActiveRecord: 0.0ms)


Started GET "/users/sign_in" for ::1 at 2017-03-03 13:07:52 -0500
Processing by Devise::SessionsController#new as HTML
  Rendered /Users/go2najaf/.rbenv/versions/2.3.1/lib/ruby/gems/2.3.0/gems/devise-4.2.0/app/views/devise/shared/_links.html.erb (1.8ms)
  Rendered /Users/go2najaf/.rbenv/versions/2.3.1/lib/ruby/gems/2.3.0/gems/devise-4.2.0/app/views/devise/sessions/new.html.erb within layouts/application (10.9ms)
Completed 200 OK in 77ms (Views: 75.1ms | ActiveRecord: 0.0ms)


Started GET "/" for ::1 at 2017-03-03 13:07:53 -0500
Processing by AuthorizationIndependentController#index as HTML
  [1m[35mEvent Load (0.3ms)[0m  SELECT "events".* FROM "events"
  Rendered partials/_events.html.erb (1.6ms)
  Rendered authorization_independent/index.html.erb within layouts/application (14.8ms)
Completed 200 OK in 120ms (Views: 118.1ms | ActiveRecord: 0.3ms)


Started GET "/events" for ::1 at 2017-03-03 13:07:53 -0500
Processing by EventsController#index as HTML
Completed 401 Unauthorized in 2ms (ActiveRecord: 0.0ms)


Started GET "/users/sign_in" for ::1 at 2017-03-03 13:07:53 -0500
Processing by Devise::SessionsController#new as HTML
  Rendered /Users/go2najaf/.rbenv/versions/2.3.1/lib/ruby/gems/2.3.0/gems/devise-4.2.0/app/views/devise/shared/_links.html.erb (0.5ms)
  Rendered /Users/go2najaf/.rbenv/versions/2.3.1/lib/ruby/gems/2.3.0/gems/devise-4.2.0/app/views/devise/sessions/new.html.erb within layouts/application (8.3ms)
Completed 200 OK in 76ms (Views: 74.2ms | ActiveRecord: 0.0ms)


Started GET "/" for ::1 at 2017-03-03 13:07:54 -0500
Processing by AuthorizationIndependentController#index as HTML
  [1m[36mEvent Load (0.2ms)[0m  [1mSELECT "events".* FROM "events"[0m
  Rendered partials/_events.html.erb (1.2ms)
  Rendered authorization_independent/index.html.erb within layouts/application (3.2ms)
Completed 200 OK in 67ms (Views: 37.7ms | ActiveRecord: 0.2ms)


Started GET "/" for ::1 at 2017-03-03 14:16:10 -0500
Processing by AuthorizationIndependentController#index as HTML
  [1m[35mEvent Load (1.2ms)[0m  SELECT "events".* FROM "events"
  Rendered partials/_events.html.erb (17.7ms)
  Rendered authorization_independent/index.html.erb within layouts/application (23.0ms)
Completed 200 OK in 385ms (Views: 375.9ms | ActiveRecord: 1.2ms)


Started GET "/assets/application.self-06c5415314d49beffed8fdcb5e84ee200143590a9344f795f2d486b6900d5d47.css?body=1" for ::1 at 2017-03-03 14:16:11 -0500


Started GET "/" for ::1 at 2017-03-03 14:16:45 -0500
Processing by AuthorizationIndependentController#index as HTML
  [1m[36mEvent Load (0.3ms)[0m  [1mSELECT "events".* FROM "events"[0m
  Rendered partials/_events.html.erb (1.5ms)
  Rendered authorization_independent/index.html.erb within layouts/application (8.2ms)
Completed 200 OK in 87ms (Views: 85.6ms | ActiveRecord: 0.3ms)


Started GET "/assets/application.self-7a554c8671e8da164d34f870d2a018ec9f8ff46803cbb4d612b4399608baf6d0.css?body=1" for ::1 at 2017-03-03 14:16:46 -0500


Started GET "/" for ::1 at 2017-03-03 14:17:05 -0500
Processing by AuthorizationIndependentController#index as HTML
  [1m[35mEvent Load (0.3ms)[0m  SELECT "events".* FROM "events"
  Rendered partials/_events.html.erb (1.5ms)
  Rendered authorization_independent/index.html.erb within layouts/application (10.2ms)
Completed 200 OK in 175ms (Views: 173.3ms | ActiveRecord: 0.3ms)


Started GET "/assets/application.self-e460fbc289d7a38ee00078b5c5cc8c9f1ca026d85de1b8f5badbb11b32f3b101.css?body=1" for ::1 at 2017-03-03 14:17:05 -0500


Started GET "/" for ::1 at 2017-03-03 14:17:28 -0500
Processing by AuthorizationIndependentController#index as HTML
  [1m[36mEvent Load (0.2ms)[0m  [1mSELECT "events".* FROM "events"[0m
  Rendered partials/_events.html.erb (1.2ms)
  Rendered authorization_independent/index.html.erb within layouts/application (3.7ms)
Completed 200 OK in 213ms (Views: 211.8ms | ActiveRecord: 0.2ms)


Started GET "/assets/application.self-c7d4494ed1710a195b80c42b7650948c7cbaa9152d84c470ed646fc3ea2c44fa.css?body=1" for ::1 at 2017-03-03 14:17:28 -0500


Started GET "/" for ::1 at 2017-03-03 14:18:17 -0500
Processing by AuthorizationIndependentController#index as HTML
  [1m[35mEvent Load (0.2ms)[0m  SELECT "events".* FROM "events"
  Rendered partials/_events.html.erb (1.4ms)
  Rendered authorization_independent/index.html.erb within layouts/application (5.9ms)
Completed 200 OK in 247ms (Views: 245.6ms | ActiveRecord: 0.2ms)


Started GET "/assets/application.self-a5daed47179218244cdc50a3f48d1f2177b2cf2d53eb0963a80d88dfa9262a2d.css?body=1" for ::1 at 2017-03-03 14:18:17 -0500
